<?xml version="1.0" encoding="UTF-8"?>
<coverage generated="1689856070388" clover="3.2.0">
  <project timestamp="1689856070389" name="All files">
    <metrics statements="108" coveredstatements="78" conditionals="14" coveredconditionals="4" methods="18" coveredmethods="11" elements="140" coveredelements="93" complexity="0" loc="108" ncloc="108" packages="1" files="4" classes="4"/>
    <file name="displayTask.js" path="C:\Users\JOEL\Desktop\to-do-list microverse\to-do-list\src\module\displayTask.js">
      <metrics statements="73" coveredstatements="50" conditionals="12" coveredconditionals="3" methods="5" coveredmethods="2"/>
      <line num="3" count="2" type="stmt"/>
      <line num="5" count="2" type="stmt"/>
      <line num="6" count="22" type="stmt"/>
      <line num="7" count="22" type="stmt"/>
      <line num="8" count="22" type="cond" truecount="2" falsecount="0"/>
      <line num="9" count="21" type="stmt"/>
      <line num="10" count="21" type="stmt"/>
      <line num="11" count="21" type="stmt"/>
      <line num="12" count="21" type="stmt"/>
      <line num="13" count="21" type="stmt"/>
      <line num="14" count="40" type="stmt"/>
      <line num="15" count="40" type="stmt"/>
      <line num="17" count="40" type="stmt"/>
      <line num="18" count="40" type="stmt"/>
      <line num="19" count="40" type="stmt"/>
      <line num="20" count="40" type="stmt"/>
      <line num="21" count="40" type="cond" truecount="1" falsecount="1"/>
      <line num="22" count="0" type="stmt"/>
      <line num="25" count="40" type="stmt"/>
      <line num="27" count="40" type="stmt"/>
      <line num="28" count="40" type="stmt"/>
      <line num="29" count="40" type="stmt"/>
      <line num="30" count="40" type="stmt"/>
      <line num="31" count="40" type="stmt"/>
      <line num="33" count="40" type="stmt"/>
      <line num="34" count="40" type="stmt"/>
      <line num="35" count="40" type="stmt"/>
      <line num="36" count="40" type="stmt"/>
      <line num="38" count="40" type="stmt"/>
      <line num="39" count="40" type="stmt"/>
      <line num="40" count="40" type="stmt"/>
      <line num="41" count="40" type="stmt"/>
      <line num="43" count="40" type="stmt"/>
      <line num="44" count="40" type="stmt"/>
      <line num="45" count="40" type="stmt"/>
      <line num="46" count="40" type="stmt"/>
      <line num="47" count="40" type="stmt"/>
      <line num="48" count="40" type="stmt"/>
      <line num="50" count="40" type="stmt"/>
      <line num="51" count="40" type="stmt"/>
      <line num="52" count="40" type="stmt"/>
      <line num="53" count="40" type="stmt"/>
      <line num="54" count="40" type="stmt"/>
      <line num="55" count="40" type="stmt"/>
      <line num="56" count="40" type="stmt"/>
      <line num="58" count="40" type="stmt"/>
      <line num="59" count="0" type="stmt"/>
      <line num="60" count="0" type="stmt"/>
      <line num="61" count="0" type="stmt"/>
      <line num="62" count="0" type="stmt"/>
      <line num="63" count="0" type="stmt"/>
      <line num="64" count="0" type="stmt"/>
      <line num="67" count="40" type="stmt"/>
      <line num="68" count="0" type="stmt"/>
      <line num="69" count="0" type="stmt"/>
      <line num="70" count="0" type="stmt"/>
      <line num="71" count="0" type="stmt"/>
      <line num="72" count="0" type="stmt"/>
      <line num="73" count="0" type="stmt"/>
      <line num="74" count="0" type="stmt"/>
      <line num="75" count="0" type="stmt"/>
      <line num="76" count="0" type="cond" truecount="0" falsecount="2"/>
      <line num="77" count="0" type="stmt"/>
      <line num="81" count="40" type="stmt"/>
      <line num="82" count="0" type="cond" truecount="0" falsecount="2"/>
      <line num="83" count="0" type="cond" truecount="0" falsecount="2"/>
      <line num="84" count="0" type="cond" truecount="0" falsecount="2"/>
      <line num="85" count="0" type="stmt"/>
      <line num="87" count="0" type="stmt"/>
      <line num="88" count="0" type="stmt"/>
      <line num="93" count="40" type="stmt"/>
      <line num="94" count="40" type="stmt"/>
      <line num="96" count="21" type="stmt"/>
    </file>
    <file name="listClass.js" path="C:\Users\JOEL\Desktop\to-do-list microverse\to-do-list\src\module\listClass.js">
      <metrics statements="23" coveredstatements="16" conditionals="0" coveredconditionals="0" methods="11" coveredmethods="7"/>
      <line num="2" count="2" type="stmt"/>
      <line num="5" count="27" type="stmt"/>
      <line num="6" count="27" type="stmt"/>
      <line num="10" count="19" type="stmt"/>
      <line num="15" count="19" type="stmt"/>
      <line num="16" count="19" type="stmt"/>
      <line num="20" count="3" type="stmt"/>
      <line num="21" count="3" type="stmt"/>
      <line num="22" count="3" type="stmt"/>
      <line num="26" count="0" type="stmt"/>
      <line num="32" count="1" type="stmt"/>
      <line num="33" count="1" type="stmt"/>
      <line num="37" count="0" type="stmt"/>
      <line num="38" count="0" type="stmt"/>
      <line num="42" count="0" type="stmt"/>
      <line num="43" count="0" type="stmt"/>
      <line num="45" count="0" type="stmt"/>
      <line num="46" count="0" type="stmt"/>
      <line num="50" count="1" type="stmt"/>
      <line num="51" count="1" type="stmt"/>
      <line num="55" count="3" type="stmt"/>
      <line num="56" count="2" type="stmt"/>
      <line num="57" count="2" type="stmt"/>
    </file>
    <file name="newTask.js" path="C:\Users\JOEL\Desktop\to-do-list microverse\to-do-list\src\module\newTask.js">
      <metrics statements="8" coveredstatements="8" conditionals="2" coveredconditionals="1" methods="1" coveredmethods="1"/>
      <line num="3" count="2" type="stmt"/>
      <line num="5" count="2" type="stmt"/>
      <line num="6" count="19" type="stmt"/>
      <line num="7" count="19" type="stmt"/>
      <line num="8" count="19" type="cond" truecount="1" falsecount="1"/>
      <line num="9" count="19" type="stmt"/>
      <line num="10" count="19" type="stmt"/>
      <line num="11" count="19" type="stmt"/>
    </file>
    <file name="remove.js" path="C:\Users\JOEL\Desktop\to-do-list microverse\to-do-list\src\module\remove.js">
      <metrics statements="4" coveredstatements="4" conditionals="0" coveredconditionals="0" methods="1" coveredmethods="1"/>
      <line num="3" count="1" type="stmt"/>
      <line num="4" count="3" type="stmt"/>
      <line num="5" count="3" type="stmt"/>
      <line num="6" count="3" type="stmt"/>
    </file>
  </project>
</coverage>
