{"C:\\Users\\JOEL\\Desktop\\to-do-list microverse\\to-do-list\\src\\module\\displayTask.js": {"path":"C:\\Users\\JOEL\\Desktop\\to-do-list microverse\\to-do-list\\src\\module\\displayTask.js","statementMap":{"0":{"start":{"line":3,"column":13},"end":{"line":3,"column":27}},"1":{"start":{"line":5,"column":19},"end":{"line":98,"column":1}},"2":{"start":{"line":6,"column":22},"end":{"line":6,"column":58}},"3":{"start":{"line":7,"column":2},"end":{"line":7,"column":32}},"4":{"start":{"line":8,"column":2},"end":{"line":97,"column":3}},"5":{"start":{"line":9,"column":4},"end":{"line":9,"column":40}},"6":{"start":{"line":10,"column":26},"end":{"line":10,"column":54}},"7":{"start":{"line":11,"column":4},"end":{"line":11,"column":41}},"8":{"start":{"line":12,"column":4},"end":{"line":12,"column":43}},"9":{"start":{"line":13,"column":4},"end":{"line":95,"column":7}},"10":{"start":{"line":14,"column":19},"end":{"line":14,"column":47}},"11":{"start":{"line":15,"column":6},"end":{"line":15,"column":30}},"12":{"start":{"line":17,"column":31},"end":{"line":17,"column":60}},"13":{"start":{"line":18,"column":23},"end":{"line":18,"column":54}},"14":{"start":{"line":19,"column":6},"end":{"line":19,"column":33}},"15":{"start":{"line":20,"column":6},"end":{"line":20,"column":31}},"16":{"start":{"line":21,"column":6},"end":{"line":23,"column":7}},"17":{"start":{"line":22,"column":8},"end":{"line":22,"column":37}},"18":{"start":{"line":25,"column":6},"end":{"line":25,"column":45}},"19":{"start":{"line":27,"column":22},"end":{"line":27,"column":49}},"20":{"start":{"line":28,"column":6},"end":{"line":28,"column":38}},"21":{"start":{"line":29,"column":6},"end":{"line":29,"column":42}},"22":{"start":{"line":30,"column":6},"end":{"line":30,"column":44}},"23":{"start":{"line":31,"column":6},"end":{"line":31,"column":41}},"24":{"start":{"line":33,"column":23},"end":{"line":33,"column":50}},"25":{"start":{"line":34,"column":6},"end":{"line":34,"column":46}},"26":{"start":{"line":35,"column":6},"end":{"line":35,"column":30}},"27":{"start":{"line":36,"column":6},"end":{"line":36,"column":33}},"28":{"start":{"line":38,"column":25},"end":{"line":38,"column":52}},"29":{"start":{"line":39,"column":6},"end":{"line":39,"column":43}},"30":{"start":{"line":40,"column":6},"end":{"line":40,"column":34}},"31":{"start":{"line":41,"column":6},"end":{"line":41,"column":30}},"32":{"start":{"line":43,"column":23},"end":{"line":43,"column":50}},"33":{"start":{"line":44,"column":6},"end":{"line":44,"column":40}},"34":{"start":{"line":45,"column":6},"end":{"line":45,"column":28}},"35":{"start":{"line":46,"column":6},"end":{"line":46,"column":30}},"36":{"start":{"line":47,"column":6},"end":{"line":47,"column":33}},"37":{"start":{"line":48,"column":6},"end":{"line":48,"column":32}},"38":{"start":{"line":50,"column":23},"end":{"line":50,"column":50}},"39":{"start":{"line":51,"column":6},"end":{"line":51,"column":40}},"40":{"start":{"line":52,"column":6},"end":{"line":52,"column":27}},"41":{"start":{"line":53,"column":6},"end":{"line":53,"column":30}},"42":{"start":{"line":54,"column":6},"end":{"line":54,"column":38}},"43":{"start":{"line":55,"column":6},"end":{"line":55,"column":33}},"44":{"start":{"line":56,"column":6},"end":{"line":56,"column":34}},"45":{"start":{"line":58,"column":6},"end":{"line":65,"column":8}},"46":{"start":{"line":59,"column":8},"end":{"line":59,"column":41}},"47":{"start":{"line":60,"column":8},"end":{"line":60,"column":50}},"48":{"start":{"line":61,"column":8},"end":{"line":61,"column":40}},"49":{"start":{"line":62,"column":8},"end":{"line":62,"column":41}},"50":{"start":{"line":63,"column":8},"end":{"line":63,"column":40}},"51":{"start":{"line":64,"column":8},"end":{"line":64,"column":45}},"52":{"start":{"line":67,"column":6},"end":{"line":79,"column":8}},"53":{"start":{"line":68,"column":8},"end":{"line":68,"column":54}},"54":{"start":{"line":69,"column":8},"end":{"line":69,"column":42}},"55":{"start":{"line":70,"column":8},"end":{"line":70,"column":49}},"56":{"start":{"line":71,"column":8},"end":{"line":71,"column":42}},"57":{"start":{"line":72,"column":8},"end":{"line":72,"column":70}},"58":{"start":{"line":73,"column":8},"end":{"line":73,"column":37}},"59":{"start":{"line":74,"column":8},"end":{"line":74,"column":40}},"60":{"start":{"line":75,"column":8},"end":{"line":75,"column":40}},"61":{"start":{"line":76,"column":8},"end":{"line":78,"column":9}},"62":{"start":{"line":77,"column":10},"end":{"line":77,"column":23}},"63":{"start":{"line":81,"column":6},"end":{"line":92,"column":9}},"64":{"start":{"line":82,"column":8},"end":{"line":91,"column":9}},"65":{"start":{"line":83,"column":10},"end":{"line":90,"column":11}},"66":{"start":{"line":84,"column":12},"end":{"line":89,"column":13}},"67":{"start":{"line":85,"column":14},"end":{"line":85,"column":27}},"68":{"start":{"line":87,"column":14},"end":{"line":87,"column":46}},"69":{"start":{"line":88,"column":14},"end":{"line":88,"column":27}},"70":{"start":{"line":93,"column":6},"end":{"line":93,"column":33}},"71":{"start":{"line":94,"column":6},"end":{"line":94,"column":18}},"72":{"start":{"line":96,"column":4},"end":{"line":96,"column":43}}},"fnMap":{"0":{"name":"(anonymous_0)","decl":{"start":{"line":5,"column":19},"end":{"line":5,"column":20}},"loc":{"start":{"line":5,"column":25},"end":{"line":98,"column":1}},"line":5},"1":{"name":"(anonymous_1)","decl":{"start":{"line":13,"column":22},"end":{"line":13,"column":23}},"loc":{"start":{"line":13,"column":29},"end":{"line":95,"column":5}},"line":13},"2":{"name":"(anonymous_2)","decl":{"start":{"line":58,"column":25},"end":{"line":58,"column":26}},"loc":{"start":{"line":58,"column":31},"end":{"line":65,"column":7}},"line":58},"3":{"name":"(anonymous_3)","decl":{"start":{"line":67,"column":25},"end":{"line":67,"column":26}},"loc":{"start":{"line":67,"column":32},"end":{"line":79,"column":7}},"line":67},"4":{"name":"(anonymous_4)","decl":{"start":{"line":81,"column":37},"end":{"line":81,"column":38}},"loc":{"start":{"line":81,"column":44},"end":{"line":92,"column":7}},"line":81}},"branchMap":{"0":{"loc":{"start":{"line":8,"column":2},"end":{"line":97,"column":3}},"type":"if","locations":[{"start":{"line":8,"column":2},"end":{"line":97,"column":3}},{"start":{},"end":{}}],"line":8},"1":{"loc":{"start":{"line":21,"column":6},"end":{"line":23,"column":7}},"type":"if","locations":[{"start":{"line":21,"column":6},"end":{"line":23,"column":7}},{"start":{},"end":{}}],"line":21},"2":{"loc":{"start":{"line":76,"column":8},"end":{"line":78,"column":9}},"type":"if","locations":[{"start":{"line":76,"column":8},"end":{"line":78,"column":9}},{"start":{},"end":{}}],"line":76},"3":{"loc":{"start":{"line":82,"column":8},"end":{"line":91,"column":9}},"type":"if","locations":[{"start":{"line":82,"column":8},"end":{"line":91,"column":9}},{"start":{},"end":{}}],"line":82},"4":{"loc":{"start":{"line":83,"column":10},"end":{"line":90,"column":11}},"type":"if","locations":[{"start":{"line":83,"column":10},"end":{"line":90,"column":11}},{"start":{},"end":{}}],"line":83},"5":{"loc":{"start":{"line":84,"column":12},"end":{"line":89,"column":13}},"type":"if","locations":[{"start":{"line":84,"column":12},"end":{"line":89,"column":13}},{"start":{"line":86,"column":19},"end":{"line":89,"column":13}}],"line":84}},"s":{"0":2,"1":2,"2":22,"3":22,"4":22,"5":21,"6":21,"7":21,"8":21,"9":21,"10":40,"11":40,"12":40,"13":40,"14":40,"15":40,"16":40,"17":0,"18":40,"19":40,"20":40,"21":40,"22":40,"23":40,"24":40,"25":40,"26":40,"27":40,"28":40,"29":40,"30":40,"31":40,"32":40,"33":40,"34":40,"35":40,"36":40,"37":40,"38":40,"39":40,"40":40,"41":40,"42":40,"43":40,"44":40,"45":40,"46":0,"47":0,"48":0,"49":0,"50":0,"51":0,"52":40,"53":0,"54":0,"55":0,"56":0,"57":0,"58":0,"59":0,"60":0,"61":0,"62":0,"63":40,"64":0,"65":0,"66":0,"67":0,"68":0,"69":0,"70":40,"71":40,"72":21},"f":{"0":22,"1":40,"2":0,"3":0,"4":0},"b":{"0":[21,1],"1":[0,40],"2":[0,0],"3":[0,0],"4":[0,0],"5":[0,0]},"_coverageSchema":"1a1c01bbd47fc00a2c39e90264f33305004495a9","hash":"8ae72173ea1d7a0420d386385bcb968bb13c2d19"}
,"C:\\Users\\JOEL\\Desktop\\to-do-list microverse\\to-do-list\\src\\module\\listClass.js": {"path":"C:\\Users\\JOEL\\Desktop\\to-do-list microverse\\to-do-list\\src\\module\\listClass.js","statementMap":{"0":{"start":{"line":2,"column":13},"end":{"line":2,"column":15}},"1":{"start":{"line":5,"column":18},"end":{"line":5,"column":47}},"2":{"start":{"line":6,"column":4},"end":{"line":6,"column":41}},"3":{"start":{"line":10,"column":17},"end":{"line":14,"column":5}},"4":{"start":{"line":15,"column":4},"end":{"line":15,"column":29}},"5":{"start":{"line":16,"column":4},"end":{"line":16,"column":20}},"6":{"start":{"line":20,"column":4},"end":{"line":20,"column":39}},"7":{"start":{"line":21,"column":4},"end":{"line":21,"column":23}},"8":{"start":{"line":22,"column":4},"end":{"line":22,"column":20}},"9":{"start":{"line":26,"column":4},"end":{"line":28,"column":6}},"10":{"start":{"line":32,"column":4},"end":{"line":32,"column":65}},"11":{"start":{"line":33,"column":4},"end":{"line":33,"column":20}},"12":{"start":{"line":37,"column":4},"end":{"line":37,"column":48}},"13":{"start":{"line":38,"column":4},"end":{"line":38,"column":20}},"14":{"start":{"line":42,"column":4},"end":{"line":44,"column":6}},"15":{"start":{"line":43,"column":13},"end":{"line":43,"column":34}},"16":{"start":{"line":45,"column":4},"end":{"line":45,"column":23}},"17":{"start":{"line":46,"column":4},"end":{"line":46,"column":20}},"18":{"start":{"line":50,"column":4},"end":{"line":50,"column":50}},"19":{"start":{"line":51,"column":4},"end":{"line":51,"column":20}},"20":{"start":{"line":55,"column":4},"end":{"line":58,"column":7}},"21":{"start":{"line":56,"column":6},"end":{"line":56,"column":45}},"22":{"start":{"line":57,"column":6},"end":{"line":57,"column":15}}},"fnMap":{"0":{"name":"(anonymous_0)","decl":{"start":{"line":4,"column":2},"end":{"line":4,"column":3}},"loc":{"start":{"line":4,"column":13},"end":{"line":7,"column":3}},"line":4},"1":{"name":"(anonymous_1)","decl":{"start":{"line":9,"column":2},"end":{"line":9,"column":3}},"loc":{"start":{"line":9,"column":23},"end":{"line":17,"column":3}},"line":9},"2":{"name":"(anonymous_2)","decl":{"start":{"line":19,"column":2},"end":{"line":19,"column":3}},"loc":{"start":{"line":19,"column":20},"end":{"line":23,"column":3}},"line":19},"3":{"name":"(anonymous_3)","decl":{"start":{"line":25,"column":2},"end":{"line":25,"column":3}},"loc":{"start":{"line":25,"column":19},"end":{"line":29,"column":3}},"line":25},"4":{"name":"(anonymous_4)","decl":{"start":{"line":31,"column":2},"end":{"line":31,"column":3}},"loc":{"start":{"line":31,"column":29},"end":{"line":34,"column":3}},"line":31},"5":{"name":"(anonymous_5)","decl":{"start":{"line":36,"column":2},"end":{"line":36,"column":3}},"loc":{"start":{"line":36,"column":31},"end":{"line":39,"column":3}},"line":36},"6":{"name":"(anonymous_6)","decl":{"start":{"line":41,"column":2},"end":{"line":41,"column":3}},"loc":{"start":{"line":41,"column":14},"end":{"line":47,"column":3}},"line":41},"7":{"name":"(anonymous_7)","decl":{"start":{"line":43,"column":6},"end":{"line":43,"column":7}},"loc":{"start":{"line":43,"column":13},"end":{"line":43,"column":34}},"line":43},"8":{"name":"(anonymous_8)","decl":{"start":{"line":49,"column":2},"end":{"line":49,"column":3}},"loc":{"start":{"line":49,"column":13},"end":{"line":52,"column":3}},"line":49},"9":{"name":"(anonymous_9)","decl":{"start":{"line":54,"column":2},"end":{"line":54,"column":3}},"loc":{"start":{"line":54,"column":16},"end":{"line":59,"column":3}},"line":54},"10":{"name":"(anonymous_10)","decl":{"start":{"line":55,"column":22},"end":{"line":55,"column":23}},"loc":{"start":{"line":55,"column":29},"end":{"line":58,"column":5}},"line":55}},"branchMap":{},"s":{"0":2,"1":27,"2":27,"3":19,"4":19,"5":19,"6":3,"7":3,"8":3,"9":0,"10":1,"11":1,"12":0,"13":0,"14":0,"15":0,"16":0,"17":0,"18":1,"19":1,"20":3,"21":2,"22":2},"f":{"0":27,"1":19,"2":3,"3":0,"4":1,"5":0,"6":0,"7":0,"8":1,"9":3,"10":2},"b":{},"_coverageSchema":"1a1c01bbd47fc00a2c39e90264f33305004495a9","hash":"5cdb99b8bd6ce61d8a5e36a07dd6fc04596a9f07"}
,"C:\\Users\\JOEL\\Desktop\\to-do-list microverse\\to-do-list\\src\\module\\newTask.js": {"path":"C:\\Users\\JOEL\\Desktop\\to-do-list microverse\\to-do-list\\src\\module\\newTask.js","statementMap":{"0":{"start":{"line":3,"column":13},"end":{"line":3,"column":44}},"1":{"start":{"line":5,"column":22},"end":{"line":13,"column":1}},"2":{"start":{"line":6,"column":18},"end":{"line":6,"column":52}},"3":{"start":{"line":7,"column":22},"end":{"line":7,"column":35}},"4":{"start":{"line":8,"column":2},"end":{"line":12,"column":3}},"5":{"start":{"line":9,"column":4},"end":{"line":9,"column":30}},"6":{"start":{"line":10,"column":4},"end":{"line":10,"column":17}},"7":{"start":{"line":11,"column":4},"end":{"line":11,"column":23}}},"fnMap":{"0":{"name":"(anonymous_0)","decl":{"start":{"line":5,"column":22},"end":{"line":5,"column":23}},"loc":{"start":{"line":5,"column":28},"end":{"line":13,"column":1}},"line":5}},"branchMap":{"0":{"loc":{"start":{"line":8,"column":2},"end":{"line":12,"column":3}},"type":"if","locations":[{"start":{"line":8,"column":2},"end":{"line":12,"column":3}},{"start":{},"end":{}}],"line":8}},"s":{"0":2,"1":2,"2":19,"3":19,"4":19,"5":19,"6":19,"7":19},"f":{"0":19},"b":{"0":[19,0]},"_coverageSchema":"1a1c01bbd47fc00a2c39e90264f33305004495a9","hash":"d53ec6de13abe4e3d7daa4d36f68c15b818c1081"}
,"C:\\Users\\JOEL\\Desktop\\to-do-list microverse\\to-do-list\\src\\module\\remove.js": {"path":"C:\\Users\\JOEL\\Desktop\\to-do-list microverse\\to-do-list\\src\\module\\remove.js","statementMap":{"0":{"start":{"line":3,"column":19},"end":{"line":7,"column":1}},"1":{"start":{"line":4,"column":2},"end":{"line":4,"column":25}},"2":{"start":{"line":5,"column":2},"end":{"line":5,"column":18}},"3":{"start":{"line":6,"column":2},"end":{"line":6,"column":15}}},"fnMap":{"0":{"name":"(anonymous_0)","decl":{"start":{"line":3,"column":19},"end":{"line":3,"column":20}},"loc":{"start":{"line":3,"column":30},"end":{"line":7,"column":1}},"line":3}},"branchMap":{},"s":{"0":1,"1":3,"2":3,"3":3},"f":{"0":3},"b":{},"_coverageSchema":"1a1c01bbd47fc00a2c39e90264f33305004495a9","hash":"b311f814a4ad745606833c4864577d37a2633a09"}
}
