TN:
SF:src\module\displayTask.js
FN:5,(anonymous_0)
FN:13,(anonymous_1)
FN:58,(anonymous_2)
FN:67,(anonymous_3)
FN:81,(anonymous_4)
FNF:5
FNH:2
FNDA:15,(anonymous_0)
FNDA:24,(anonymous_1)
FNDA:0,(anonymous_2)
FNDA:0,(anonymous_3)
FNDA:0,(anonymous_4)
DA:3,1
DA:5,1
DA:6,15
DA:7,15
DA:8,15
DA:9,14
DA:10,14
DA:11,14
DA:12,14
DA:13,14
DA:14,24
DA:15,24
DA:17,24
DA:18,24
DA:19,24
DA:20,24
DA:21,24
DA:22,0
DA:25,24
DA:27,24
DA:28,24
DA:29,24
DA:30,24
DA:31,24
DA:33,24
DA:34,24
DA:35,24
DA:36,24
DA:38,24
DA:39,24
DA:40,24
DA:41,24
DA:43,24
DA:44,24
DA:45,24
DA:46,24
DA:47,24
DA:48,24
DA:50,24
DA:51,24
DA:52,24
DA:53,24
DA:54,24
DA:55,24
DA:56,24
DA:58,24
DA:59,0
DA:60,0
DA:61,0
DA:62,0
DA:63,0
DA:64,0
DA:67,24
DA:68,0
DA:69,0
DA:70,0
DA:71,0
DA:72,0
DA:73,0
DA:74,0
DA:75,0
DA:76,0
DA:77,0
DA:81,24
DA:82,0
DA:83,0
DA:84,0
DA:85,0
DA:87,0
DA:88,0
DA:93,24
DA:94,24
DA:96,14
LF:73
LH:50
BRDA:8,0,0,14
BRDA:8,0,1,1
BRDA:21,1,0,0
BRDA:21,1,1,24
BRDA:76,2,0,0
BRDA:76,2,1,0
BRDA:82,3,0,0
BRDA:82,3,1,0
BRDA:83,4,0,0
BRDA:83,4,1,0
BRDA:84,5,0,0
BRDA:84,5,1,0
BRF:12
BRH:3
end_of_record
TN:
SF:src\module\listClass.js
FN:4,(anonymous_0)
FN:9,(anonymous_1)
FN:19,(anonymous_2)
FN:25,(anonymous_3)
FN:31,(anonymous_4)
FN:36,(anonymous_5)
FN:41,(anonymous_6)
FN:43,(anonymous_7)
FN:49,(anonymous_8)
FN:54,(anonymous_9)
FN:55,(anonymous_10)
FNF:11
FNH:5
FNDA:18,(anonymous_0)
FNDA:12,(anonymous_1)
FNDA:3,(anonymous_2)
FNDA:0,(anonymous_3)
FNDA:0,(anonymous_4)
FNDA:0,(anonymous_5)
FNDA:0,(anonymous_6)
FNDA:0,(anonymous_7)
FNDA:0,(anonymous_8)
FNDA:3,(anonymous_9)
FNDA:2,(anonymous_10)
DA:2,1
DA:5,18
DA:6,18
DA:10,12
DA:15,12
DA:16,12
DA:20,3
DA:21,3
DA:22,3
DA:26,0
DA:32,0
DA:33,0
DA:37,0
DA:38,0
DA:42,0
DA:43,0
DA:45,0
DA:46,0
DA:50,0
DA:51,0
DA:55,3
DA:56,2
DA:57,2
LF:23
LH:12
BRF:0
BRH:0
end_of_record
TN:
SF:src\module\newTask.js
FN:5,(anonymous_0)
FNF:1
FNH:1
FNDA:12,(anonymous_0)
DA:3,1
DA:5,1
DA:6,12
DA:7,12
DA:8,12
DA:9,12
DA:10,12
DA:11,12
LF:8
LH:8
BRDA:8,0,0,12
BRDA:8,0,1,0
BRF:2
BRH:1
end_of_record
TN:
SF:src\module\remove.js
FN:3,(anonymous_0)
FNF:1
FNH:1
FNDA:3,(anonymous_0)
DA:3,1
DA:4,3
DA:5,3
DA:6,3
LF:4
LH:4
BRF:0
BRH:0
end_of_record
