TN:
SF:src\module\displayTask.js
FN:5,(anonymous_0)
FN:13,(anonymous_1)
FN:58,(anonymous_2)
FN:67,(anonymous_3)
FN:81,(anonymous_4)
FNF:5
FNH:2
FNDA:22,(anonymous_0)
FNDA:40,(anonymous_1)
FNDA:0,(anonymous_2)
FNDA:0,(anonymous_3)
FNDA:0,(anonymous_4)
DA:3,2
DA:5,2
DA:6,22
DA:7,22
DA:8,22
DA:9,21
DA:10,21
DA:11,21
DA:12,21
DA:13,21
DA:14,40
DA:15,40
DA:17,40
DA:18,40
DA:19,40
DA:20,40
DA:21,40
DA:22,0
DA:25,40
DA:27,40
DA:28,40
DA:29,40
DA:30,40
DA:31,40
DA:33,40
DA:34,40
DA:35,40
DA:36,40
DA:38,40
DA:39,40
DA:40,40
DA:41,40
DA:43,40
DA:44,40
DA:45,40
DA:46,40
DA:47,40
DA:48,40
DA:50,40
DA:51,40
DA:52,40
DA:53,40
DA:54,40
DA:55,40
DA:56,40
DA:58,40
DA:59,0
DA:60,0
DA:61,0
DA:62,0
DA:63,0
DA:64,0
DA:67,40
DA:68,0
DA:69,0
DA:70,0
DA:71,0
DA:72,0
DA:73,0
DA:74,0
DA:75,0
DA:76,0
DA:77,0
DA:81,40
DA:82,0
DA:83,0
DA:84,0
DA:85,0
DA:87,0
DA:88,0
DA:93,40
DA:94,40
DA:96,21
LF:73
LH:50
BRDA:8,0,0,21
BRDA:8,0,1,1
BRDA:21,1,0,0
BRDA:21,1,1,40
BRDA:76,2,0,0
BRDA:76,2,1,0
BRDA:82,3,0,0
BRDA:82,3,1,0
BRDA:83,4,0,0
BRDA:83,4,1,0
BRDA:84,5,0,0
BRDA:84,5,1,0
BRF:12
BRH:3
end_of_record
TN:
SF:src\module\listClass.js
FN:4,(anonymous_0)
FN:9,(anonymous_1)
FN:19,(anonymous_2)
FN:25,(anonymous_3)
FN:31,(anonymous_4)
FN:36,(anonymous_5)
FN:41,(anonymous_6)
FN:43,(anonymous_7)
FN:49,(anonymous_8)
FN:54,(anonymous_9)
FN:55,(anonymous_10)
FNF:11
FNH:7
FNDA:27,(anonymous_0)
FNDA:19,(anonymous_1)
FNDA:3,(anonymous_2)
FNDA:0,(anonymous_3)
FNDA:1,(anonymous_4)
FNDA:0,(anonymous_5)
FNDA:0,(anonymous_6)
FNDA:0,(anonymous_7)
FNDA:1,(anonymous_8)
FNDA:3,(anonymous_9)
FNDA:2,(anonymous_10)
DA:2,2
DA:5,27
DA:6,27
DA:10,19
DA:15,19
DA:16,19
DA:20,3
DA:21,3
DA:22,3
DA:26,0
DA:32,1
DA:33,1
DA:37,0
DA:38,0
DA:42,0
DA:43,0
DA:45,0
DA:46,0
DA:50,1
DA:51,1
DA:55,3
DA:56,2
DA:57,2
LF:23
LH:16
BRF:0
BRH:0
end_of_record
TN:
SF:src\module\newTask.js
FN:5,(anonymous_0)
FNF:1
FNH:1
FNDA:19,(anonymous_0)
DA:3,2
DA:5,2
DA:6,19
DA:7,19
DA:8,19
DA:9,19
DA:10,19
DA:11,19
LF:8
LH:8
BRDA:8,0,0,19
BRDA:8,0,1,0
BRF:2
BRH:1
end_of_record
TN:
SF:src\module\remove.js
FN:3,(anonymous_0)
FNF:1
FNH:1
FNDA:3,(anonymous_0)
DA:3,1
DA:4,3
DA:5,3
DA:6,3
LF:4
LH:4
BRF:0
BRH:0
end_of_record
